implementation_label: baseline_unmodified
status: baseline_smoke_passed
build_command: python_smoke_gate
build_exit_code: 0
binary_path: third_party/FlowTune/FlowTune-OpenFPGA/abc
binary_exists: true
patch_plan: experiments/cycle_002/agents/source_patch_todos/candidate_001.md
patch_applied: false
patch_diff_path: none

notes:
- Baseline smoke is a local harness sanity check for S4.
- No separate clean checkout or ABC rebuild is performed in S4c.

gate_output:
S4c Python smoke gate
repo_root: /home/huangyb/try_repo

py_compile:
command: /home/huangyb/try_repo/.venv/bin/python3 -B -m py_compile scripts/agents/self_evolved_abc/flow/source_patch_runner.py scripts/agents/self_evolved_abc/flow/source_patch.py scripts/agents/self_evolved_abc/flow/materialization.py scripts/agents/self_evolved_abc/flow/validation.py scripts/agents/self_evolved_abc/flow/artifacts.py scripts/agents/self_evolved_abc/flow/runner.py scripts/agents/self_evolved_abc/flow/evaluation.py scripts/agents/self_evolved_abc/flow/implementation_compare.py scripts/agents/self_evolved_abc/flow/iteration_loop.py scripts/agents/self_evolved_abc/flow/next_cycle.py scripts/agents/self_evolved_abc/flow/review.py scripts/agents/self_evolved_abc/flow_runner.py scripts/agents/self_evolved_abc/flow_evaluation.py scripts/agents/self_evolved_abc/coding_agents/flow_agent.py scripts/agents/self_evolved_abc/cycle_driver.py
return_code: 0

validation_fixtures:
PASS flow_valid_abc_flow.json: ok=True
PASS flow_defer.json: ok=True
PASS flow_invalid_missing_candidate_steps.json: ok=False
PASS flow_invalid_path_escape.json: ok=False
PASS flow_invalid_shell_command.json: ok=False
PASS flow_valid_source_patch_todo.json: ok=True
PASS flow_invalid_source_patch_missing_contract.json: ok=False
PASS flow_invalid_source_patch_missing_validation_plan.json: ok=False
PASS flow_invalid_source_patch_path_scope.json: ok=False
PASS flow_invalid_source_patch_shell_step.json: ok=False
PASS flow_valid_source_patch_diff.json: ok=True
PASS flow_invalid_source_patch_diff_missing_payload.json: ok=False
PASS flow_invalid_source_patch_diff_path_scope.json: ok=False
fixture_failures: 0
